<?xml version="1.0" encoding="UTF-8"?><testsuite errors="0" failures="1" name="Sauce Lab" skipped="0" tests="1" time="16.28" timestamp="2022-04-03 02:03:22"><testcase name="enter purchase to cart"><failure message="The following error occurred: Expected enabled element was not enabled" type="net.thucydides.core.webdriver.exceptions.ElementShouldBeEnabledException">The following error occurred: Expected enabled element was not enabled</failure><system-err>The following error occurred: Expected enabled element was not enabled&#13;
tasks.AddToCart.performAs(AddToCart.java:21)&#13;
stepdefinitions.SwagLabStepDefinition.clickInTheCart(SwagLabStepDefinition.java:42)&#13;
cucumber.runner.Runner.runPickle(Runner.java:80)&#13;
</system-err></testcase></testsuite>